2014-09-03 02:28:48 Debug: Notice (8): Undefined index: id_historial in [C:\localhost\www\historial_clinico\app\controllers\historial_paciente_controller.php, line 207]
2014-10-11 15:56:31 Debug: Notice (8): Undefined index: ciudad_pk  in [C:\localhost\www\historial_clinico\cake\libs\model\model.php, line 1329]
2014-10-11 16:15:39 Debug: Notice (8): Undefined index: ciudad_pk  in [C:\localhost\www\historial_clinico\cake\libs\model\model.php, line 1329]
2014-10-11 16:15:39 Debug: Notice (8): Undefined index: asentamiento_pk  in [C:\localhost\www\historial_clinico\cake\libs\model\model.php, line 1329]
2014-10-11 16:21:25 Debug: Notice (8): Undefined index: ciudad_pk  in [C:\localhost\www\historial_clinico\cake\libs\model\model.php, line 1329]
2014-10-11 16:21:25 Debug: Notice (8): Undefined index: asentamiento_pk  in [C:\localhost\www\historial_clinico\cake\libs\model\model.php, line 1329]
2014-10-11 16:41:40 Debug: Notice (8): Undefined index: asentamiento_pk  in [C:\localhost\www\historial_clinico\cake\libs\model\model.php, line 1329]
2014-10-11 16:53:37 Debug: Notice (8): Undefined index: asentamiento_pk  in [C:\localhost\www\historial_clinico\cake\libs\model\model.php, line 1329]
2014-10-12 01:04:23 Debug: Notice (8): Undefined offset: 0 in [C:\localhost\www\historial_clinico\cake\libs\model\datasources\dbo_source.php, line 2174]
2014-10-12 01:05:51 Debug: Notice (8): Undefined offset: 0 in [C:\localhost\www\historial_clinico\cake\libs\model\datasources\dbo_source.php, line 2174]
2014-10-12 01:09:25 Debug: Notice (8): Undefined offset: 0 in [C:\localhost\www\historial_clinico\cake\libs\model\datasources\dbo_source.php, line 2174]
2014-10-12 01:09:46 Debug: Notice (8): Undefined offset: 0 in [C:\localhost\www\historial_clinico\cake\libs\model\datasources\dbo_source.php, line 2174]
2014-10-12 01:22:55 Debug: Notice (8): Undefined index: AND in [C:\localhost\www\historial_clinico\app\controllers\consultas_controller.php, line 56]
2014-10-12 01:22:55 Debug: Notice (8): Undefined offset: 0 in [C:\localhost\www\historial_clinico\app\controllers\consultas_controller.php, line 56]
2014-10-12 01:31:28 Debug: Notice (8): Undefined variable: conditions in [C:\localhost\www\historial_clinico\app\controllers\consultas_controller.php, line 59]
2014-10-12 01:31:28 Debug: Notice (8): Undefined variable: conditions in [C:\localhost\www\historial_clinico\app\controllers\consultas_controller.php, line 60]
2014-10-12 01:33:30 Debug: Notice (8): Array to string conversion in [C:\localhost\www\historial_clinico\app\controllers\consultas_controller.php, line 57]
2014-10-12 01:34:01 Debug: Notice (8): Array to string conversion in [C:\localhost\www\historial_clinico\app\controllers\consultas_controller.php, line 57]
2014-10-12 01:36:28 Debug: Notice (8): Array to string conversion in [C:\localhost\www\historial_clinico\app\controllers\consultas_controller.php, line 57]
2014-10-12 01:50:23 Debug: Notice (8): Undefined variable: palabra in [C:\localhost\www\historial_clinico\app\controllers\consultas_controller.php, line 34]
2014-10-12 22:08:34 Debug: Notice (8): Undefined index: pvlave in [C:\localhost\www\historial_clinico\app\controllers\consultas_controller.php, line 26]
2014-10-12 22:08:58 Debug: Notice (8): Undefined index: pvlave in [C:\localhost\www\historial_clinico\app\controllers\consultas_controller.php, line 26]
2014-10-13 04:02:12 Debug: Notice (8): Undefined index: ciudad_pk  in [C:\localhost\www\historial_clinico\cake\libs\model\model.php, line 1329]
2014-10-13 14:51:15 Debug: Notice (8): Undefined property: UsersController::$Areas in [C:\localhost\www\historial_clinico\app\controllers\users_controller.php, line 29]
2014-10-13 15:47:54 Debug: Notice (8): Undefined index: id_municipio in [C:\localhost\www\historial_clinico\app\views\historial_paciente\captura.ctp, line 508]
2014-10-14 01:58:38 Debug: Notice (8): Undefined index: id_municipio in [C:\localhost\www\historial_clinico\app\views\historial_paciente\captura.ctp, line 508]
2014-10-14 13:13:10 Debug: Notice (8): Undefined index: id_municipio in [C:\localhost\www\historial_clinico\app\views\historial_paciente\captura.ctp, line 508]
2014-10-14 23:27:15 Debug: Notice (8): Undefined index: id_municipio in [C:\localhost\www\historial_clinico\app\views\historial_paciente\captura.ctp, line 508]
2014-10-15 14:35:06 Debug: Notice (8): Undefined index: id_municipio in [C:\localhost\www\historial_clinico\app\views\historial_paciente\captura.ctp, line 508]
2014-10-15 14:48:41 Debug: Notice (8): Undefined index: id_municipio in [C:\localhost\www\historial_clinico\app\views\historial_paciente\captura.ctp, line 508]
2014-10-17 02:46:02 Debug: Notice (8): Undefined index: id_municipio in [C:\localhost\www\historial_clinico\app\views\historial_paciente\captura.ctp, line 508]
2014-10-17 03:10:26 Debug: Notice (8): Undefined index: id_municipio in [C:\localhost\www\historial_clinico\app\views\historial_paciente\captura.ctp, line 508]
2014-10-17 03:11:51 Debug: Notice (8): Undefined index: id_municipio in [C:\localhost\www\historial_clinico\app\views\historial_paciente\captura.ctp, line 508]
2014-10-17 03:12:12 Debug: Notice (8): Undefined index: id_municipio in [C:\localhost\www\historial_clinico\app\views\historial_paciente\captura.ctp, line 508]
2014-10-17 03:16:02 Debug: Notice (8): Undefined index: id_municipio in [C:\localhost\www\historial_clinico\app\views\historial_paciente\captura.ctp, line 508]
2014-10-17 03:17:01 Debug: Notice (8): Undefined index: id_municipio in [C:\localhost\www\historial_clinico\app\views\historial_paciente\captura.ctp, line 508]
2014-10-17 03:17:46 Debug: Notice (8): Undefined index: id_municipio in [C:\localhost\www\historial_clinico\app\views\historial_paciente\captura.ctp, line 508]
2014-10-17 03:18:29 Debug: Notice (8): Undefined index: id_municipio in [C:\localhost\www\historial_clinico\app\views\historial_paciente\captura.ctp, line 508]
2014-10-17 03:18:59 Debug: Notice (8): Undefined index: id_municipio in [C:\localhost\www\historial_clinico\app\views\historial_paciente\captura.ctp, line 508]
2014-10-17 03:19:39 Debug: Notice (8): Undefined index: id_municipio in [C:\localhost\www\historial_clinico\app\views\historial_paciente\captura.ctp, line 508]
2014-10-17 03:23:06 Debug: Notice (8): Undefined index: id_municipio in [C:\localhost\www\historial_clinico\app\views\historial_paciente\captura.ctp, line 508]
2014-10-19 19:14:39 Debug: Notice (8): Undefined index: id_municipio in [C:\localhost\www\historial_clinico\app\views\historial_paciente\captura.ctp, line 508]
2014-10-19 19:15:34 Debug: Notice (8): Undefined index: id_municipio in [C:\localhost\www\historial_clinico\app\views\historial_paciente\captura.ctp, line 508]
2014-10-19 19:30:04 Debug: Notice (8): Undefined index: id_municipio in [C:\localhost\www\historial_clinico\app\views\historial_paciente\captura.ctp, line 508]
2014-10-19 19:32:13 Debug: Notice (8): Undefined index: id_municipio in [C:\localhost\www\historial_clinico\app\views\historial_paciente\captura.ctp, line 508]
2014-10-23 03:43:12 Debug: Notice (8): Undefined index: imagen_paciente in [C:\localhost\www\historial_clinico\app\controllers\administracion_controller.php, line 117]
2014-10-23 03:43:13 Debug: Notice (8): Undefined index: imagen_paciente in [C:\localhost\www\historial_clinico\app\controllers\administracion_controller.php, line 117]
2014-10-23 15:04:21 Debug: Notice (8): Undefined index: id_municipio in [C:\localhost\www\historial_clinico\app\views\historial_paciente\captura.ctp, line 508]
2014-10-23 15:09:35 Debug: Notice (8): Undefined index: id_municipio in [C:\localhost\www\historial_clinico\app\views\historial_paciente\captura.ctp, line 508]
2014-10-23 15:10:12 Debug: Notice (8): Undefined index: id_municipio in [C:\localhost\www\historial_clinico\app\views\historial_paciente\captura.ctp, line 508]
2014-10-23 15:10:13 Debug: Notice (8): Undefined index: id_municipio in [C:\localhost\www\historial_clinico\app\views\historial_paciente\captura.ctp, line 508]
2014-10-23 15:10:14 Debug: Notice (8): Undefined index: id_municipio in [C:\localhost\www\historial_clinico\app\views\historial_paciente\captura.ctp, line 508]
2014-10-23 15:10:14 Debug: Notice (8): Undefined index: id_municipio in [C:\localhost\www\historial_clinico\app\views\historial_paciente\captura.ctp, line 508]
2014-10-23 15:10:41 Debug: Notice (8): Undefined index: id_municipio in [C:\localhost\www\historial_clinico\app\views\historial_paciente\captura.ctp, line 508]
2014-10-23 15:10:42 Debug: Notice (8): Undefined index: id_municipio in [C:\localhost\www\historial_clinico\app\views\historial_paciente\captura.ctp, line 508]
2014-10-23 15:10:42 Debug: Notice (8): Undefined index: id_municipio in [C:\localhost\www\historial_clinico\app\views\historial_paciente\captura.ctp, line 508]
2014-10-23 15:11:03 Debug: Notice (8): Undefined index: id_municipio in [C:\localhost\www\historial_clinico\app\views\historial_paciente\captura.ctp, line 508]
2014-10-23 15:11:03 Debug: Notice (8): Undefined index: id_municipio in [C:\localhost\www\historial_clinico\app\views\historial_paciente\captura.ctp, line 508]
2014-10-23 15:11:04 Debug: Notice (8): Undefined index: id_municipio in [C:\localhost\www\historial_clinico\app\views\historial_paciente\captura.ctp, line 508]
2014-10-23 15:15:33 Debug: Notice (8): Undefined index: id_municipio in [C:\localhost\www\historial_clinico\app\views\historial_paciente\captura.ctp, line 508]
2014-10-23 15:15:59 Debug: Notice (8): Undefined index: id_municipio in [C:\localhost\www\historial_clinico\app\views\historial_paciente\captura.ctp, line 508]
2014-10-23 15:15:59 Debug: Notice (8): Undefined index: id_municipio in [C:\localhost\www\historial_clinico\app\views\historial_paciente\captura.ctp, line 508]
2014-10-23 15:16:02 Debug: Notice (8): Undefined index: id_municipio in [C:\localhost\www\historial_clinico\app\views\historial_paciente\captura.ctp, line 508]
2014-10-23 15:16:03 Debug: Notice (8): Undefined index: id_municipio in [C:\localhost\www\historial_clinico\app\views\historial_paciente\captura.ctp, line 508]
2014-10-23 15:16:03 Debug: Notice (8): Undefined index: id_municipio in [C:\localhost\www\historial_clinico\app\views\historial_paciente\captura.ctp, line 508]
2014-10-23 15:16:04 Debug: Notice (8): Undefined index: id_municipio in [C:\localhost\www\historial_clinico\app\views\historial_paciente\captura.ctp, line 508]
2014-10-23 15:16:04 Debug: Notice (8): Undefined index: id_municipio in [C:\localhost\www\historial_clinico\app\views\historial_paciente\captura.ctp, line 508]
2014-10-23 15:16:04 Debug: Notice (8): Undefined index: id_municipio in [C:\localhost\www\historial_clinico\app\views\historial_paciente\captura.ctp, line 508]
2014-10-23 15:16:05 Debug: Notice (8): Undefined index: id_municipio in [C:\localhost\www\historial_clinico\app\views\historial_paciente\captura.ctp, line 508]
2014-10-23 15:16:05 Debug: Notice (8): Undefined index: id_municipio in [C:\localhost\www\historial_clinico\app\views\historial_paciente\captura.ctp, line 508]
2014-10-23 15:16:13 Debug: Notice (8): Undefined index: id_municipio in [C:\localhost\www\historial_clinico\app\views\historial_paciente\captura.ctp, line 508]
2014-10-23 15:16:14 Debug: Notice (8): Undefined index: id_municipio in [C:\localhost\www\historial_clinico\app\views\historial_paciente\captura.ctp, line 508]
2014-10-23 15:16:15 Debug: Notice (8): Undefined index: id_municipio in [C:\localhost\www\historial_clinico\app\views\historial_paciente\captura.ctp, line 508]
2014-10-23 15:16:15 Debug: Notice (8): Undefined index: id_municipio in [C:\localhost\www\historial_clinico\app\views\historial_paciente\captura.ctp, line 508]
2014-10-23 15:16:16 Debug: Notice (8): Undefined index: id_municipio in [C:\localhost\www\historial_clinico\app\views\historial_paciente\captura.ctp, line 508]
2014-10-23 15:16:16 Debug: Notice (8): Undefined index: id_municipio in [C:\localhost\www\historial_clinico\app\views\historial_paciente\captura.ctp, line 508]
2014-10-23 15:16:17 Debug: Notice (8): Undefined index: id_municipio in [C:\localhost\www\historial_clinico\app\views\historial_paciente\captura.ctp, line 508]
2014-10-23 15:16:20 Debug: Notice (8): Undefined index: id_municipio in [C:\localhost\www\historial_clinico\app\views\historial_paciente\captura.ctp, line 508]
2014-10-23 15:16:59 Debug: Notice (8): Undefined index: id_municipio in [C:\localhost\www\historial_clinico\app\views\historial_paciente\captura.ctp, line 508]
2014-10-23 15:17:00 Debug: Notice (8): Undefined index: id_municipio in [C:\localhost\www\historial_clinico\app\views\historial_paciente\captura.ctp, line 508]
2014-10-23 15:17:01 Debug: Notice (8): Undefined index: id_municipio in [C:\localhost\www\historial_clinico\app\views\historial_paciente\captura.ctp, line 508]
2014-10-23 15:17:02 Debug: Notice (8): Undefined index: id_municipio in [C:\localhost\www\historial_clinico\app\views\historial_paciente\captura.ctp, line 508]
2014-10-23 15:17:02 Debug: Notice (8): Undefined index: id_municipio in [C:\localhost\www\historial_clinico\app\views\historial_paciente\captura.ctp, line 508]
2014-10-23 15:17:03 Debug: Notice (8): Undefined index: id_municipio in [C:\localhost\www\historial_clinico\app\views\historial_paciente\captura.ctp, line 508]
2014-10-23 15:17:03 Debug: Notice (8): Undefined index: id_municipio in [C:\localhost\www\historial_clinico\app\views\historial_paciente\captura.ctp, line 508]
2014-10-23 15:17:04 Debug: Notice (8): Undefined index: id_municipio in [C:\localhost\www\historial_clinico\app\views\historial_paciente\captura.ctp, line 508]
2014-10-23 15:17:04 Debug: Notice (8): Undefined index: id_municipio in [C:\localhost\www\historial_clinico\app\views\historial_paciente\captura.ctp, line 508]
2014-10-23 15:17:05 Debug: Notice (8): Undefined index: id_municipio in [C:\localhost\www\historial_clinico\app\views\historial_paciente\captura.ctp, line 508]
2014-10-23 15:17:05 Debug: Notice (8): Undefined index: id_municipio in [C:\localhost\www\historial_clinico\app\views\historial_paciente\captura.ctp, line 508]
2014-10-23 15:17:06 Debug: Notice (8): Undefined index: id_municipio in [C:\localhost\www\historial_clinico\app\views\historial_paciente\captura.ctp, line 508]
2014-10-23 15:17:06 Debug: Notice (8): Undefined index: id_municipio in [C:\localhost\www\historial_clinico\app\views\historial_paciente\captura.ctp, line 508]
2014-10-23 15:17:06 Debug: Notice (8): Undefined index: id_municipio in [C:\localhost\www\historial_clinico\app\views\historial_paciente\captura.ctp, line 508]
2014-10-23 15:17:07 Debug: Notice (8): Undefined index: id_municipio in [C:\localhost\www\historial_clinico\app\views\historial_paciente\captura.ctp, line 508]
2014-10-23 15:17:07 Debug: Notice (8): Undefined index: id_municipio in [C:\localhost\www\historial_clinico\app\views\historial_paciente\captura.ctp, line 508]
2014-10-23 15:17:08 Debug: Notice (8): Undefined index: id_municipio in [C:\localhost\www\historial_clinico\app\views\historial_paciente\captura.ctp, line 508]
2014-10-23 15:17:08 Debug: Notice (8): Undefined index: id_municipio in [C:\localhost\www\historial_clinico\app\views\historial_paciente\captura.ctp, line 508]
2014-10-23 15:17:08 Debug: Notice (8): Undefined index: id_municipio in [C:\localhost\www\historial_clinico\app\views\historial_paciente\captura.ctp, line 508]
2014-10-23 15:17:09 Debug: Notice (8): Undefined index: id_municipio in [C:\localhost\www\historial_clinico\app\views\historial_paciente\captura.ctp, line 508]
2014-10-23 15:30:02 Debug: Notice (8): Undefined index: id_municipio in [C:\localhost\www\historial_clinico\app\views\historial_paciente\captura.ctp, line 508]
2014-10-23 15:45:18 Debug: Notice (8): A session had already been started - ignoring session_start() in [C:\localhost\www\historial_clinico\app\controllers\historial_paciente_controller.php, line 35]
2014-10-23 15:45:19 Debug: Notice (8): A session had already been started - ignoring session_start() in [C:\localhost\www\historial_clinico\app\controllers\historial_paciente_controller.php, line 35]
2014-11-02 06:21:46 Debug: Notice (8): Undefined index: id_municipio in [C:\localhost\www\historial_clinico\app\views\historial_paciente\captura.ctp, line 508]
2014-11-02 06:48:46 Debug: Notice (8): Undefined index: id_municipio in [C:\localhost\www\historial_clinico\app\views\historial_paciente\captura.ctp, line 508]
2014-11-02 06:59:46 Debug: Notice (8): Undefined index: id_municipio in [C:\localhost\www\historial_clinico\app\views\historial_paciente\captura.ctp, line 508]
2014-11-02 06:59:51 Debug: Notice (8): Undefined index: id_municipio in [C:\localhost\www\historial_clinico\app\views\historial_paciente\captura.ctp, line 508]
2014-11-03 01:51:07 Debug: Notice (8): Undefined index: id_municipio in [C:\localhost\www\historial_clinico\app\views\historial_paciente\captura.ctp, line 508]
2014-11-03 02:08:36 Debug: Notice (8): Undefined index: id_municipio in [C:\localhost\www\historial_clinico\app\views\historial_paciente\captura.ctp, line 508]
2014-11-03 02:21:08 Debug: Notice (8): Undefined index: id_municipio in [C:\localhost\www\historial_clinico\app\views\historial_paciente\captura.ctp, line 508]
2014-11-03 16:28:49 Debug: Notice (8): Undefined index: id_municipio in [C:\localhost\www\historial_clinico\app\views\historial_paciente\captura.ctp, line 508]
2014-11-03 20:54:16 Debug: Notice (8): Undefined index: id_municipio in [C:\localhost\www\historial_clinico\app\views\historial_paciente\captura.ctp, line 508]
2014-11-03 20:54:51 Debug: Notice (8): Undefined index: id_municipio in [C:\localhost\www\historial_clinico\app\views\historial_paciente\captura.ctp, line 508]
2014-11-03 21:48:25 Debug: Notice (8): Undefined index: id_municipio in [C:\localhost\www\historial_clinico\app\views\historial_paciente\captura.ctp, line 508]
2014-11-03 21:53:30 Debug: Notice (8): Undefined index: id_municipio in [C:\localhost\www\historial_clinico\app\views\historial_paciente\captura.ctp, line 508]
2014-11-03 21:53:35 Debug: Notice (8): Undefined index: id_municipio in [C:\localhost\www\historial_clinico\app\views\historial_paciente\captura.ctp, line 508]
2014-11-03 21:53:36 Debug: Notice (8): Undefined index: id_municipio in [C:\localhost\www\historial_clinico\app\views\historial_paciente\captura.ctp, line 508]
2014-11-03 21:53:36 Debug: Notice (8): Undefined index: id_municipio in [C:\localhost\www\historial_clinico\app\views\historial_paciente\captura.ctp, line 508]
2014-11-03 21:53:37 Debug: Notice (8): Undefined index: id_municipio in [C:\localhost\www\historial_clinico\app\views\historial_paciente\captura.ctp, line 508]
2014-11-03 21:53:37 Debug: Notice (8): Undefined index: id_municipio in [C:\localhost\www\historial_clinico\app\views\historial_paciente\captura.ctp, line 508]
2014-11-03 21:53:39 Debug: Notice (8): Undefined index: id_municipio in [C:\localhost\www\historial_clinico\app\views\historial_paciente\captura.ctp, line 508]
2014-11-03 21:53:45 Debug: Notice (8): Undefined index: id_municipio in [C:\localhost\www\historial_clinico\app\views\historial_paciente\captura.ctp, line 508]
2014-11-03 21:53:45 Debug: Notice (8): Undefined index: id_municipio in [C:\localhost\www\historial_clinico\app\views\historial_paciente\captura.ctp, line 508]
2014-11-03 21:53:46 Debug: Notice (8): Undefined index: id_municipio in [C:\localhost\www\historial_clinico\app\views\historial_paciente\captura.ctp, line 508]
2014-11-03 21:53:47 Debug: Notice (8): Undefined index: id_municipio in [C:\localhost\www\historial_clinico\app\views\historial_paciente\captura.ctp, line 508]
2014-11-03 21:53:50 Debug: Notice (8): Undefined index: id_municipio in [C:\localhost\www\historial_clinico\app\views\historial_paciente\captura.ctp, line 508]
2014-11-03 21:53:52 Debug: Notice (8): Undefined index: id_municipio in [C:\localhost\www\historial_clinico\app\views\historial_paciente\captura.ctp, line 508]
2014-11-03 21:53:52 Debug: Notice (8): Undefined index: id_municipio in [C:\localhost\www\historial_clinico\app\views\historial_paciente\captura.ctp, line 508]
2014-11-03 21:53:54 Debug: Notice (8): Undefined index: id_municipio in [C:\localhost\www\historial_clinico\app\views\historial_paciente\captura.ctp, line 508]
2014-11-03 21:53:55 Debug: Notice (8): Undefined index: id_municipio in [C:\localhost\www\historial_clinico\app\views\historial_paciente\captura.ctp, line 508]
2014-11-03 21:53:55 Debug: Notice (8): Undefined index: id_municipio in [C:\localhost\www\historial_clinico\app\views\historial_paciente\captura.ctp, line 508]
2014-11-03 21:53:56 Debug: Notice (8): Undefined index: id_municipio in [C:\localhost\www\historial_clinico\app\views\historial_paciente\captura.ctp, line 508]
2014-11-03 21:53:57 Debug: Notice (8): Undefined index: id_municipio in [C:\localhost\www\historial_clinico\app\views\historial_paciente\captura.ctp, line 508]
2014-11-03 21:53:58 Debug: Notice (8): Undefined index: id_municipio in [C:\localhost\www\historial_clinico\app\views\historial_paciente\captura.ctp, line 508]
2014-11-03 21:54:00 Debug: Notice (8): Undefined index: id_municipio in [C:\localhost\www\historial_clinico\app\views\historial_paciente\captura.ctp, line 508]
2014-11-03 22:01:02 Debug: Notice (8): Undefined index: id_municipio in [C:\localhost\www\historial_clinico\app\views\historial_paciente\captura.ctp, line 508]
2014-11-03 22:01:33 Debug: Notice (8): Undefined index: id_municipio in [C:\localhost\www\historial_clinico\app\views\historial_paciente\captura.ctp, line 508]
2014-11-04 02:13:23 Debug: Notice (8): Undefined index: id_municipio in [C:\localhost\www\historial_clinico\app\views\historial_paciente\captura.ctp, line 508]
2014-11-04 02:19:28 Debug: Notice (8): Undefined index: id_municipio in [C:\localhost\www\historial_clinico\app\views\historial_paciente\captura.ctp, line 508]
2014-11-04 04:10:35 Debug: Notice (8): Undefined index: id_municipio in [C:\localhost\www\historial_clinico\app\views\historial_paciente\captura.ctp, line 508]
2014-11-04 04:12:24 Debug: Notice (8): Undefined index: id_municipio in [C:\localhost\www\historial_clinico\app\views\historial_paciente\captura.ctp, line 508]
2014-11-04 04:20:44 Debug: Notice (8): Undefined variable: input_zip in [C:\localhost\www\historial_clinico\app\controllers\administracion_controller.php, line 150]
2014-11-04 04:20:57 Debug: Notice (8): Undefined variable: input_zip in [C:\localhost\www\historial_clinico\app\controllers\administracion_controller.php, line 150]
2014-11-04 20:25:45 Debug: Notice (8): Undefined index: id_municipio in [C:\localhost\www\historial_clinico\app\views\historial_paciente\captura.ctp, line 508]
2014-11-04 20:56:28 Debug: Notice (8): Undefined index: id_municipio in [C:\localhost\www\historial_clinico\app\views\historial_paciente\captura.ctp, line 508]
2014-11-04 20:57:50 Debug: Notice (8): Undefined index: id_municipio in [C:\localhost\www\historial_clinico\app\views\historial_paciente\captura.ctp, line 508]
2014-11-04 23:04:05 Debug: Notice (8): Undefined index: id_municipio in [C:\localhost\www\historial_clinico\app\views\historial_paciente\captura.ctp, line 508]
2014-11-04 23:04:11 Debug: Notice (8): Undefined index: id_municipio in [C:\localhost\www\historial_clinico\app\views\historial_paciente\captura.ctp, line 508]
2014-11-04 23:07:45 Debug: Notice (8): Undefined index: id_municipio in [C:\localhost\www\historial_clinico\app\views\historial_paciente\captura.ctp, line 508]
2014-11-04 23:08:44 Debug: Notice (8): Undefined index: id_municipio in [C:\localhost\www\historial_clinico\app\views\historial_paciente\captura.ctp, line 508]
2014-11-05 05:02:46 Debug: Notice (8): Undefined index: id_municipio in [C:\localhost\www\historial_clinico\app\views\historial_paciente\captura.ctp, line 508]
2014-11-07 01:22:15 Debug: Notice (8): Undefined index: nombre_servicio in [C:\localhost\www\historial_clinico\app\controllers\consultas_controller.php, line 113]
2014-11-07 01:22:15 Debug: Notice (8): Undefined index: cantidad in [C:\localhost\www\historial_clinico\app\controllers\consultas_controller.php, line 114]
2014-11-07 01:22:15 Debug: Notice (8): Undefined index: nombre_servicio in [C:\localhost\www\historial_clinico\app\controllers\consultas_controller.php, line 113]
2014-11-07 01:22:15 Debug: Notice (8): Undefined index: cantidad in [C:\localhost\www\historial_clinico\app\controllers\consultas_controller.php, line 114]
2014-11-07 01:23:02 Debug: Notice (8): Undefined index: nombre_servicio in [C:\localhost\www\historial_clinico\app\controllers\consultas_controller.php, line 113]
2014-11-07 01:23:02 Debug: Notice (8): Undefined index: cantidad in [C:\localhost\www\historial_clinico\app\controllers\consultas_controller.php, line 114]
2014-11-07 01:23:03 Debug: Notice (8): Undefined index: nombre_servicio in [C:\localhost\www\historial_clinico\app\controllers\consultas_controller.php, line 113]
2014-11-07 01:23:03 Debug: Notice (8): Undefined index: cantidad in [C:\localhost\www\historial_clinico\app\controllers\consultas_controller.php, line 114]
2014-11-07 01:23:37 Debug: Notice (8): Undefined index: nombre_servicio in [C:\localhost\www\historial_clinico\app\controllers\consultas_controller.php, line 113]
2014-11-07 01:23:37 Debug: Notice (8): Undefined index: cantidad in [C:\localhost\www\historial_clinico\app\controllers\consultas_controller.php, line 114]
2014-11-07 01:23:37 Debug: Notice (8): Undefined index: nombre_servicio in [C:\localhost\www\historial_clinico\app\controllers\consultas_controller.php, line 113]
2014-11-07 01:23:37 Debug: Notice (8): Undefined index: cantidad in [C:\localhost\www\historial_clinico\app\controllers\consultas_controller.php, line 114]
2014-11-07 01:23:58 Debug: Notice (8): Undefined index: cantidad in [C:\localhost\www\historial_clinico\app\controllers\consultas_controller.php, line 115]
2014-11-07 01:23:58 Debug: Notice (8): Undefined index: cantidad in [C:\localhost\www\historial_clinico\app\controllers\consultas_controller.php, line 115]
2014-11-07 01:24:24 Debug: Notice (8): Array to string conversion in [C:\localhost\www\historial_clinico\cake\basics.php, line 324]
2014-11-07 01:24:24 Debug: Notice (8): Array to string conversion in [C:\localhost\www\historial_clinico\cake\basics.php, line 324]
2014-11-07 01:24:43 Debug: Notice (8): Array to string conversion in [C:\localhost\www\historial_clinico\cake\basics.php, line 324]
2014-11-07 01:24:43 Debug: Notice (8): Array to string conversion in [C:\localhost\www\historial_clinico\cake\basics.php, line 324]
2014-11-07 02:03:15 Debug: Notice (8): Undefined index: nombre_servicio in [C:\localhost\www\historial_clinico\app\controllers\consultas_controller.php, line 113]
2014-11-07 02:03:15 Debug: Notice (8): Undefined index: nombre_servicio in [C:\localhost\www\historial_clinico\app\controllers\consultas_controller.php, line 113]
2014-11-07 02:10:12 Debug: Notice (8): Undefined index: HistorialPaciente in [C:\localhost\www\historial_clinico\app\controllers\consultas_controller.php, line 131]
2014-11-07 02:20:13 Debug: Notice (8): Undefined variable: otrosServicios in [C:\localhost\www\historial_clinico\app\views\consultas\tratamiento.ctp, line 75]
2014-11-07 02:20:26 Debug: Notice (8): Undefined variable: otrosServicios in [C:\localhost\www\historial_clinico\app\views\consultas\tratamiento.ctp, line 75]
2014-11-07 02:22:55 Debug: Notice (8): Undefined variable: otrosServicios in [C:\localhost\www\historial_clinico\app\views\consultas\tratamiento.ctp, line 75]
2014-11-07 02:23:09 Debug: Notice (8): Undefined variable: otrosServicios in [C:\localhost\www\historial_clinico\app\views\consultas\tratamiento.ctp, line 75]
2014-11-07 02:23:50 Debug: Notice (8): Undefined variable: otrosServicios in [C:\localhost\www\historial_clinico\app\views\consultas\tratamiento.ctp, line 75]
2014-11-07 02:26:21 Debug: Notice (8): Undefined index: OtrosServiciosPaciente in [C:\localhost\www\historial_clinico\app\views\consultas\tratamiento.ctp, line 75]
2014-11-07 02:26:31 Debug: Notice (8): Undefined index: OtrosServicios in [C:\localhost\www\historial_clinico\app\views\consultas\tratamiento.ctp, line 79]
2014-11-07 02:26:31 Debug: Notice (8): Undefined index: OtrosServicios in [C:\localhost\www\historial_clinico\app\views\consultas\tratamiento.ctp, line 81]
2014-11-07 02:26:31 Debug: Notice (8): Undefined index: id_municipio in [C:\localhost\www\historial_clinico\app\views\consultas\tratamiento.ctp, line 81]
2014-11-07 02:26:31 Debug: Notice (8): Undefined index: OtrosServicios in [C:\localhost\www\historial_clinico\app\views\consultas\tratamiento.ctp, line 83]
2014-11-07 02:33:12 Debug: Notice (8): Undefined index: OtrosServiciosPaciente in [C:\localhost\www\historial_clinico\app\views\consultas\tratamiento.ctp, line 73]
2014-11-07 02:33:25 Debug: Notice (8): Undefined index: OtrosServicios in [C:\localhost\www\historial_clinico\app\views\consultas\tratamiento.ctp, line 77]
2014-11-07 02:33:25 Debug: Notice (8): Undefined index: OtrosServicios in [C:\localhost\www\historial_clinico\app\views\consultas\tratamiento.ctp, line 78]
2014-11-07 02:33:42 Debug: Notice (8): Undefined index: OtrosServicios in [C:\localhost\www\historial_clinico\app\views\consultas\tratamiento.ctp, line 77]
2014-11-07 02:33:43 Debug: Notice (8): Undefined index: OtrosServicios in [C:\localhost\www\historial_clinico\app\views\consultas\tratamiento.ctp, line 78]
2014-11-07 02:34:00 Debug: Notice (8): Undefined index: OtrosServiciosPaciente in [C:\localhost\www\historial_clinico\app\views\consultas\tratamiento.ctp, line 73]
2014-11-07 20:51:20 Debug: Notice (8): Undefined index: TratamientosPaciente in [C:\localhost\www\historial_clinico\app\controllers\consultas_controller.php, line 151]
2014-11-07 20:54:21 Debug: Notice (8): Undefined index: OtrosServiciosPaciente in [C:\localhost\www\historial_clinico\app\views\consultas\tratamiento.ctp, line 73]
2014-11-07 20:55:49 Debug: Notice (8): Undefined index: id_municipio in [C:\localhost\www\historial_clinico\app\views\historial_paciente\captura.ctp, line 508]
2014-11-07 21:12:08 Debug: Notice (8): Undefined index: id_municipio in [C:\localhost\www\historial_clinico\app\views\historial_paciente\captura.ctp, line 508]
2014-11-07 21:12:08 Debug: Notice (8): Undefined index: id_municipio in [C:\localhost\www\historial_clinico\app\views\historial_paciente\captura.ctp, line 508]
2014-11-07 21:29:05 Debug: Notice (8): Undefined index: id_municipio in [C:\localhost\www\historial_clinico\app\views\historial_paciente\captura.ctp, line 508]
2014-11-07 21:29:06 Debug: Notice (8): Undefined index: id_municipio in [C:\localhost\www\historial_clinico\app\views\historial_paciente\captura.ctp, line 508]
2014-11-07 21:38:32 Debug: Notice (8): Undefined index: id_municipio in [C:\localhost\www\historial_clinico\app\views\historial_paciente\captura.ctp, line 508]
2014-11-07 21:39:06 Debug: Notice (8): Undefined index: id_municipio in [C:\localhost\www\historial_clinico\app\views\historial_paciente\captura.ctp, line 508]
2014-11-07 21:39:10 Debug: Notice (8): Undefined index: id_municipio in [C:\localhost\www\historial_clinico\app\views\historial_paciente\captura.ctp, line 508]
2014-11-07 21:39:11 Debug: Notice (8): Undefined index: id_municipio in [C:\localhost\www\historial_clinico\app\views\historial_paciente\captura.ctp, line 508]
2014-11-07 21:39:12 Debug: Notice (8): Undefined index: id_municipio in [C:\localhost\www\historial_clinico\app\views\historial_paciente\captura.ctp, line 508]
2014-11-07 21:39:12 Debug: Notice (8): Undefined index: id_municipio in [C:\localhost\www\historial_clinico\app\views\historial_paciente\captura.ctp, line 508]
2014-11-07 21:39:12 Debug: Notice (8): Undefined index: id_municipio in [C:\localhost\www\historial_clinico\app\views\historial_paciente\captura.ctp, line 508]
2014-11-07 21:39:13 Debug: Notice (8): Undefined index: id_municipio in [C:\localhost\www\historial_clinico\app\views\historial_paciente\captura.ctp, line 508]
2014-11-07 21:39:14 Debug: Notice (8): Undefined index: id_municipio in [C:\localhost\www\historial_clinico\app\views\historial_paciente\captura.ctp, line 508]
2014-11-07 21:39:14 Debug: Notice (8): Undefined index: id_municipio in [C:\localhost\www\historial_clinico\app\views\historial_paciente\captura.ctp, line 508]
2014-11-07 21:39:14 Debug: Notice (8): Undefined index: id_municipio in [C:\localhost\www\historial_clinico\app\views\historial_paciente\captura.ctp, line 508]
2014-11-07 21:39:15 Debug: Notice (8): Undefined index: id_municipio in [C:\localhost\www\historial_clinico\app\views\historial_paciente\captura.ctp, line 508]
2014-11-07 21:42:18 Debug: Notice (8): Undefined index: id_municipio in [C:\localhost\www\historial_clinico\app\views\historial_paciente\captura.ctp, line 508]
2014-11-07 21:42:33 Debug: Notice (8): Undefined index: id_municipio in [C:\localhost\www\historial_clinico\app\views\historial_paciente\captura.ctp, line 508]
2014-11-07 21:43:59 Debug: Notice (8): Undefined index: id_municipio in [C:\localhost\www\historial_clinico\app\views\historial_paciente\captura.ctp, line 508]
2014-11-07 21:45:41 Debug: Notice (8): Undefined index: id_municipio in [C:\localhost\www\historial_clinico\app\views\historial_paciente\captura.ctp, line 508]
2014-11-07 21:46:50 Debug: Notice (8): Undefined index: id_municipio in [C:\localhost\www\historial_clinico\app\views\historial_paciente\captura.ctp, line 508]
2014-11-07 21:47:45 Debug: Notice (8): Undefined index: TratamientosPaciente in [C:\localhost\www\historial_clinico\app\views\historial_paciente\captura.ctp, line 508]
2014-11-07 21:53:14 Debug: Notice (8): Undefined index: TratamientosPaciente in [C:\localhost\www\historial_clinico\app\views\historial_paciente\captura.ctp, line 508]
2014-11-07 21:53:17 Debug: Notice (8): Undefined index: TratamientosPaciente in [C:\localhost\www\historial_clinico\app\views\historial_paciente\captura.ctp, line 508]
2014-11-07 21:53:22 Debug: Notice (8): Array to string conversion in [C:\localhost\www\historial_clinico\cake\libs\controller\controller.php, line 760]
2014-11-07 21:53:51 Debug: Notice (8): Undefined index: TratamientosPaciente in [C:\localhost\www\historial_clinico\app\views\historial_paciente\captura.ctp, line 508]
2014-11-07 21:57:18 Debug: Notice (8): Undefined index: TratamientosPaciente in [C:\localhost\www\historial_clinico\app\views\historial_paciente\captura.ctp, line 508]
2014-11-07 21:57:19 Debug: Notice (8): Undefined index: TratamientosPaciente in [C:\localhost\www\historial_clinico\app\views\historial_paciente\captura.ctp, line 508]
2014-11-07 21:57:22 Debug: Notice (8): Undefined index: TratamientosPaciente in [C:\localhost\www\historial_clinico\app\views\historial_paciente\captura.ctp, line 508]
2014-11-07 21:57:26 Debug: Notice (8): Undefined index: TratamientosPaciente in [C:\localhost\www\historial_clinico\app\views\historial_paciente\captura.ctp, line 508]
2014-11-07 21:57:26 Debug: Notice (8): Undefined index: TratamientosPaciente in [C:\localhost\www\historial_clinico\app\views\historial_paciente\captura.ctp, line 508]
2014-11-07 21:57:27 Debug: Notice (8): Undefined index: TratamientosPaciente in [C:\localhost\www\historial_clinico\app\views\historial_paciente\captura.ctp, line 508]
2014-11-07 21:57:27 Debug: Notice (8): Undefined index: TratamientosPaciente in [C:\localhost\www\historial_clinico\app\views\historial_paciente\captura.ctp, line 508]
2014-11-07 21:57:28 Debug: Notice (8): Undefined index: TratamientosPaciente in [C:\localhost\www\historial_clinico\app\views\historial_paciente\captura.ctp, line 508]
2014-11-07 21:57:28 Debug: Notice (8): Undefined index: TratamientosPaciente in [C:\localhost\www\historial_clinico\app\views\historial_paciente\captura.ctp, line 508]
2014-11-07 21:57:29 Debug: Notice (8): Undefined index: TratamientosPaciente in [C:\localhost\www\historial_clinico\app\views\historial_paciente\captura.ctp, line 508]
2014-11-07 21:57:29 Debug: Notice (8): Undefined index: TratamientosPaciente in [C:\localhost\www\historial_clinico\app\views\historial_paciente\captura.ctp, line 508]
2014-11-07 21:57:29 Debug: Notice (8): Undefined index: TratamientosPaciente in [C:\localhost\www\historial_clinico\app\views\historial_paciente\captura.ctp, line 508]
2014-11-07 21:57:30 Debug: Notice (8): Undefined index: TratamientosPaciente in [C:\localhost\www\historial_clinico\app\views\historial_paciente\captura.ctp, line 508]
2014-11-07 21:57:30 Debug: Notice (8): Undefined index: TratamientosPaciente in [C:\localhost\www\historial_clinico\app\views\historial_paciente\captura.ctp, line 508]
2014-11-07 21:57:31 Debug: Notice (8): Undefined index: TratamientosPaciente in [C:\localhost\www\historial_clinico\app\views\historial_paciente\captura.ctp, line 508]
2014-11-07 21:57:31 Debug: Notice (8): Undefined index: TratamientosPaciente in [C:\localhost\www\historial_clinico\app\views\historial_paciente\captura.ctp, line 508]
2014-11-07 21:57:32 Debug: Notice (8): Undefined index: TratamientosPaciente in [C:\localhost\www\historial_clinico\app\views\historial_paciente\captura.ctp, line 508]
2014-11-07 21:57:32 Debug: Notice (8): Undefined index: TratamientosPaciente in [C:\localhost\www\historial_clinico\app\views\historial_paciente\captura.ctp, line 508]
2014-11-07 21:57:33 Debug: Notice (8): Undefined index: TratamientosPaciente in [C:\localhost\www\historial_clinico\app\views\historial_paciente\captura.ctp, line 508]
2014-11-07 21:57:33 Debug: Notice (8): Undefined index: TratamientosPaciente in [C:\localhost\www\historial_clinico\app\views\historial_paciente\captura.ctp, line 508]
2014-11-07 21:57:33 Debug: Notice (8): Undefined index: TratamientosPaciente in [C:\localhost\www\historial_clinico\app\views\historial_paciente\captura.ctp, line 508]
2014-11-07 21:57:34 Debug: Notice (8): Undefined index: TratamientosPaciente in [C:\localhost\www\historial_clinico\app\views\historial_paciente\captura.ctp, line 508]
2014-11-07 21:57:34 Debug: Notice (8): Undefined index: TratamientosPaciente in [C:\localhost\www\historial_clinico\app\views\historial_paciente\captura.ctp, line 508]
2014-11-07 21:57:35 Debug: Notice (8): Undefined index: TratamientosPaciente in [C:\localhost\www\historial_clinico\app\views\historial_paciente\captura.ctp, line 508]
2014-11-08 02:00:48 Debug: Notice (8): Undefined index: TratamientosPaciente in [C:\localhost\www\historial_clinico\app\views\historial_paciente\captura.ctp, line 508]
2014-11-08 02:05:14 Debug: Notice (8): Undefined index: TratamientosPaciente in [C:\localhost\www\historial_clinico\app\views\historial_paciente\captura.ctp, line 508]
2014-11-08 02:07:13 Debug: Notice (8): Undefined index: TratamientosPaciente in [C:\localhost\www\historial_clinico\app\views\historial_paciente\captura.ctp, line 509]
2014-11-08 02:08:51 Debug: Notice (8): Undefined index: TratamientosPaciente in [C:\localhost\www\historial_clinico\app\views\historial_paciente\captura.ctp, line 508]
2014-11-08 02:10:06 Debug: Notice (8): Undefined index: TratamientosPaciente in [C:\localhost\www\historial_clinico\app\views\historial_paciente\captura.ctp, line 508]
2014-11-08 02:12:33 Debug: Notice (8): Undefined index: TratamientosPaciente in [C:\localhost\www\historial_clinico\app\views\historial_paciente\captura.ctp, line 508]
2014-11-08 02:13:21 Debug: Notice (8): Undefined index: TratamientosPaciente in [C:\localhost\www\historial_clinico\app\views\historial_paciente\captura.ctp, line 508]
