2014-10-12 01:04:23 Warning: Warning (2): Invalid argument supplied for foreach() in [C:\localhost\www\historial_clinico\cake\libs\model\datasources\dbo_source.php, line 2140]
2014-10-12 01:04:23 Warning: Warning (512): <span style="color:Red;text-align:left"><b>SQL Error:</b> 1064: You have an error in your SQL syntax; check the manual that corresponds to your MySQL server version for the right syntax to use near '' at line 1</span> in [C:\localhost\www\historial_clinico\cake\libs\model\datasources\dbo_source.php, line 684]
2014-10-12 01:04:23 Warning: Warning (512): <span style="color:Red;text-align:left"><b>SQL Error:</b> 1064: You have an error in your SQL syntax; check the manual that corresponds to your MySQL server version for the right syntax to use near 'ORDER BY `Consultas`.`pae_nombre` asc  LIMIT 10' at line 1</span> in [C:\localhost\www\historial_clinico\cake\libs\model\datasources\dbo_source.php, line 684]
2014-10-12 01:04:23 Warning: Warning (2): Invalid argument supplied for foreach() in [C:\localhost\www\historial_clinico\app\views\consultas\res_consulta.ctp, line 58]
2014-10-12 01:05:51 Warning: Warning (2): Invalid argument supplied for foreach() in [C:\localhost\www\historial_clinico\cake\libs\model\datasources\dbo_source.php, line 2140]
2014-10-12 01:05:51 Warning: Warning (512): <span style="color:Red;text-align:left"><b>SQL Error:</b> 1064: You have an error in your SQL syntax; check the manual that corresponds to your MySQL server version for the right syntax to use near '' at line 1</span> in [C:\localhost\www\historial_clinico\cake\libs\model\datasources\dbo_source.php, line 684]
2014-10-12 01:05:51 Warning: Warning (512): <span style="color:Red;text-align:left"><b>SQL Error:</b> 1064: You have an error in your SQL syntax; check the manual that corresponds to your MySQL server version for the right syntax to use near 'ORDER BY `Consultas`.`pae_nombre` asc  LIMIT 10' at line 1</span> in [C:\localhost\www\historial_clinico\cake\libs\model\datasources\dbo_source.php, line 684]
2014-10-12 01:05:51 Warning: Warning (2): Invalid argument supplied for foreach() in [C:\localhost\www\historial_clinico\app\views\consultas\res_consulta.ctp, line 58]
2014-10-12 01:09:25 Warning: Warning (2): Invalid argument supplied for foreach() in [C:\localhost\www\historial_clinico\cake\libs\model\datasources\dbo_source.php, line 2140]
2014-10-12 01:09:25 Warning: Warning (512): <span style="color:Red;text-align:left"><b>SQL Error:</b> 1064: You have an error in your SQL syntax; check the manual that corresponds to your MySQL server version for the right syntax to use near '' at line 1</span> in [C:\localhost\www\historial_clinico\cake\libs\model\datasources\dbo_source.php, line 684]
2014-10-12 01:09:25 Warning: Warning (512): <span style="color:Red;text-align:left"><b>SQL Error:</b> 1064: You have an error in your SQL syntax; check the manual that corresponds to your MySQL server version for the right syntax to use near 'ORDER BY `Consultas`.`pae_nombre` asc  LIMIT 10' at line 1</span> in [C:\localhost\www\historial_clinico\cake\libs\model\datasources\dbo_source.php, line 684]
2014-10-12 01:09:25 Warning: Warning (2): Invalid argument supplied for foreach() in [C:\localhost\www\historial_clinico\app\views\consultas\res_consulta.ctp, line 58]
2014-10-12 01:09:46 Warning: Warning (2): Invalid argument supplied for foreach() in [C:\localhost\www\historial_clinico\cake\libs\model\datasources\dbo_source.php, line 2140]
2014-10-12 01:09:46 Warning: Warning (512): <span style="color:Red;text-align:left"><b>SQL Error:</b> 1064: You have an error in your SQL syntax; check the manual that corresponds to your MySQL server version for the right syntax to use near '' at line 1</span> in [C:\localhost\www\historial_clinico\cake\libs\model\datasources\dbo_source.php, line 684]
2014-10-12 01:09:46 Warning: Warning (512): <span style="color:Red;text-align:left"><b>SQL Error:</b> 1064: You have an error in your SQL syntax; check the manual that corresponds to your MySQL server version for the right syntax to use near 'ORDER BY `Consultas`.`pae_nombre` asc  LIMIT 10' at line 1</span> in [C:\localhost\www\historial_clinico\cake\libs\model\datasources\dbo_source.php, line 684]
2014-10-12 01:09:46 Warning: Warning (2): Invalid argument supplied for foreach() in [C:\localhost\www\historial_clinico\app\views\consultas\res_consulta.ctp, line 58]
2014-10-12 01:19:48 Warning: Warning (512): <span style="color:Red;text-align:left"><b>SQL Error:</b> 1064: You have an error in your SQL syntax; check the manual that corresponds to your MySQL server version for the right syntax to use near 'AND `Consultas`.`folio` LIKE 'UDM1-%'' at line 1</span> in [C:\localhost\www\historial_clinico\cake\libs\model\datasources\dbo_source.php, line 684]
2014-10-12 01:19:48 Warning: Warning (512): <span style="color:Red;text-align:left"><b>SQL Error:</b> 1064: You have an error in your SQL syntax; check the manual that corresponds to your MySQL server version for the right syntax to use near 'AND `Consultas`.`folio` LIKE 'UDM1-%'   ORDER BY `Consultas`.`pae_nombre` asc  L' at line 1</span> in [C:\localhost\www\historial_clinico\cake\libs\model\datasources\dbo_source.php, line 684]
2014-10-12 01:19:48 Warning: Warning (2): Invalid argument supplied for foreach() in [C:\localhost\www\historial_clinico\app\views\consultas\res_consulta.ctp, line 58]
2014-10-12 01:22:55 Warning: Warning (512): <span style="color:Red;text-align:left"><b>SQL Error:</b> 1064: You have an error in your SQL syntax; check the manual that corresponds to your MySQL server version for the right syntax to use near 'AND `Consultas`.`folio` LIKE 'UDM1-%'' at line 1</span> in [C:\localhost\www\historial_clinico\cake\libs\model\datasources\dbo_source.php, line 684]
2014-10-12 01:22:55 Warning: Warning (512): <span style="color:Red;text-align:left"><b>SQL Error:</b> 1064: You have an error in your SQL syntax; check the manual that corresponds to your MySQL server version for the right syntax to use near 'AND `Consultas`.`folio` LIKE 'UDM1-%'   ORDER BY `Consultas`.`pae_nombre` asc  L' at line 1</span> in [C:\localhost\www\historial_clinico\cake\libs\model\datasources\dbo_source.php, line 684]
2014-10-12 01:22:55 Warning: Warning (2): Invalid argument supplied for foreach() in [C:\localhost\www\historial_clinico\app\views\consultas\res_consulta.ctp, line 58]
2014-10-12 01:33:30 Warning: Warning (512): <span style="color:Red;text-align:left"><b>SQL Error:</b> 1054: Unknown column 'Array' in 'where clause'</span> in [C:\localhost\www\historial_clinico\cake\libs\model\datasources\dbo_source.php, line 684]
2014-10-12 01:33:30 Warning: Warning (2): Invalid argument supplied for foreach() in [C:\localhost\www\historial_clinico\app\views\consultas\res_consulta.ctp, line 58]
2014-10-12 01:50:23 Warning: Warning (512): <span style="color:Red;text-align:left"><b>SQL Error:</b> 1064: You have an error in your SQL syntax; check the manual that corresponds to your MySQL server version for the right syntax to use near ')' at line 1</span> in [C:\localhost\www\historial_clinico\cake\libs\model\datasources\dbo_source.php, line 684]
2014-10-12 01:50:24 Warning: Warning (512): <span style="color:Red;text-align:left"><b>SQL Error:</b> 1064: You have an error in your SQL syntax; check the manual that corresponds to your MySQL server version for the right syntax to use near ')   ORDER BY `Consultas`.`pae_nombre` asc  LIMIT 10' at line 1</span> in [C:\localhost\www\historial_clinico\cake\libs\model\datasources\dbo_source.php, line 684]
2014-10-12 01:50:24 Warning: Warning (2): Invalid argument supplied for foreach() in [C:\localhost\www\historial_clinico\app\views\consultas\res_consulta.ctp, line 58]
2014-10-12 01:53:08 Warning: Warning (512): <span style="color:Red;text-align:left"><b>SQL Error:</b> 1064: You have an error in your SQL syntax; check the manual that corresponds to your MySQL server version for the right syntax to use near ')' at line 1</span> in [C:\localhost\www\historial_clinico\cake\libs\model\datasources\dbo_source.php, line 684]
2014-10-12 01:53:08 Warning: Warning (512): <span style="color:Red;text-align:left"><b>SQL Error:</b> 1064: You have an error in your SQL syntax; check the manual that corresponds to your MySQL server version for the right syntax to use near ')   ORDER BY `Consultas`.`pae_nombre` asc  LIMIT 10' at line 1</span> in [C:\localhost\www\historial_clinico\cake\libs\model\datasources\dbo_source.php, line 684]
2014-10-12 01:53:08 Warning: Warning (2): Invalid argument supplied for foreach() in [C:\localhost\www\historial_clinico\app\views\consultas\res_consulta.ctp, line 58]
2014-10-12 21:11:40 Warning: Warning (512): <span style="color:Red;text-align:left"><b>SQL Error:</b> 1064: You have an error in your SQL syntax; check the manual that corresponds to your MySQL server version for the right syntax to use near '`Consultas`.`nombre_estado` LIKE '%renata%' OR `Consultas`.`muo_descripcion` LIK' at line 1</span> in [C:\localhost\www\historial_clinico\cake\libs\model\datasources\dbo_source.php, line 684]
2014-10-12 21:11:40 Warning: Warning (2): Invalid argument supplied for foreach() in [C:\localhost\www\historial_clinico\app\views\consultas\res_consulta.ctp, line 58]
2014-10-12 21:22:45 Warning: Warning (512): <span style="color:Red;text-align:left"><b>SQL Error:</b> 1064: You have an error in your SQL syntax; check the manual that corresponds to your MySQL server version for the right syntax to use near '`Consultas`.`nombre_estado` LIKE '%renata%' OR `Consultas`.`muo_descripcion` LIK' at line 1</span> in [C:\localhost\www\historial_clinico\cake\libs\model\datasources\dbo_source.php, line 684]
2014-10-12 21:22:45 Warning: Warning (2): Invalid argument supplied for foreach() in [C:\localhost\www\historial_clinico\app\views\consultas\res_consulta.ctp, line 58]
2014-10-12 21:28:03 Warning: Warning (512): <span style="color:Red;text-align:left"><b>SQL Error:</b> 1064: You have an error in your SQL syntax; check the manual that corresponds to your MySQL server version for the right syntax to use near '`Consultas`.`folio` LIKE '%renata%' OR `Consultas`.`nombre_estado` LIKE '%renata' at line 1</span> in [C:\localhost\www\historial_clinico\cake\libs\model\datasources\dbo_source.php, line 684]
2014-10-12 21:28:03 Warning: Warning (2): Invalid argument supplied for foreach() in [C:\localhost\www\historial_clinico\app\views\consultas\res_consulta.ctp, line 58]
2014-10-12 21:29:45 Warning: Warning (512): <span style="color:Red;text-align:left"><b>SQL Error:</b> 1064: You have an error in your SQL syntax; check the manual that corresponds to your MySQL server version for the right syntax to use near '`Consultas`.`folio` LIKE '%renata%' OR `Consultas`.`nombre_estado` LIKE '%renata' at line 1</span> in [C:\localhost\www\historial_clinico\cake\libs\model\datasources\dbo_source.php, line 684]
2014-10-12 21:29:45 Warning: Warning (2): Invalid argument supplied for foreach() in [C:\localhost\www\historial_clinico\app\views\consultas\res_consulta.ctp, line 58]
2014-10-14 16:29:26 Warning: Warning (2): array_push() expects parameter 1 to be array, null given in [C:\localhost\www\historial_clinico\app\controllers\historial_paciente_controller.php, line 25]
2014-10-14 16:29:27 Warning: Warning (2): array_push() expects parameter 1 to be array, null given in [C:\localhost\www\historial_clinico\app\controllers\historial_paciente_controller.php, line 25]
2014-10-14 23:38:15 Warning: Warning (2): opendir(/webroot,/webroot) [<a href='http://php.net/function.opendir'>function.opendir</a>]: The system cannot find the file specified. (code: 2) in [C:\localhost\www\historial_clinico\app\views\administracion\index.ctp, line 12]
2014-10-14 23:38:15 Warning: Warning (2): opendir(/webroot) [<a href='http://php.net/function.opendir'>function.opendir</a>]: failed to open dir: No such file or directory in [C:\localhost\www\historial_clinico\app\views\administracion\index.ctp, line 12]
2014-10-14 23:38:15 Warning: Warning (2): readdir() expects parameter 1 to be resource, boolean given in [C:\localhost\www\historial_clinico\app\views\administracion\index.ctp, line 14]
2014-10-14 23:38:22 Warning: Warning (2): opendir(/webroot/,/webroot/) [<a href='http://php.net/function.opendir'>function.opendir</a>]: The system cannot find the file specified. (code: 2) in [C:\localhost\www\historial_clinico\app\views\administracion\index.ctp, line 12]
2014-10-14 23:38:22 Warning: Warning (2): opendir(/webroot/) [<a href='http://php.net/function.opendir'>function.opendir</a>]: failed to open dir: No such file or directory in [C:\localhost\www\historial_clinico\app\views\administracion\index.ctp, line 12]
2014-10-14 23:38:22 Warning: Warning (2): readdir() expects parameter 1 to be resource, boolean given in [C:\localhost\www\historial_clinico\app\views\administracion\index.ctp, line 14]
2014-10-14 23:39:50 Warning: Warning (2): opendir(/historial_clinico/app/webroot/,/historial_clinico/app/webroot/) [<a href='http://php.net/function.opendir'>function.opendir</a>]: The system cannot find the path specified. (code: 3) in [C:\localhost\www\historial_clinico\app\views\administracion\index.ctp, line 12]
2014-10-14 23:39:50 Warning: Warning (2): opendir(/historial_clinico/app/webroot/) [<a href='http://php.net/function.opendir'>function.opendir</a>]: failed to open dir: No such file or directory in [C:\localhost\www\historial_clinico\app\views\administracion\index.ctp, line 12]
2014-10-14 23:39:50 Warning: Warning (2): readdir() expects parameter 1 to be resource, boolean given in [C:\localhost\www\historial_clinico\app\views\administracion\index.ctp, line 14]
2014-10-14 23:40:32 Warning: Warning (2): opendir(/historial_clinico/app/webroot/files,/historial_clinico/app/webroot/files) [<a href='http://php.net/function.opendir'>function.opendir</a>]: The system cannot find the path specified. (code: 3) in [C:\localhost\www\historial_clinico\app\views\administracion\index.ctp, line 12]
2014-10-14 23:40:32 Warning: Warning (2): opendir(/historial_clinico/app/webroot/files) [<a href='http://php.net/function.opendir'>function.opendir</a>]: failed to open dir: No such file or directory in [C:\localhost\www\historial_clinico\app\views\administracion\index.ctp, line 12]
2014-10-14 23:40:32 Warning: Warning (2): readdir() expects parameter 1 to be resource, boolean given in [C:\localhost\www\historial_clinico\app\views\administracion\index.ctp, line 14]
2014-10-14 23:40:43 Warning: Warning (2): opendir(/historial_clinico/app/webroot/files/,/historial_clinico/app/webroot/files/) [<a href='http://php.net/function.opendir'>function.opendir</a>]: The system cannot find the path specified. (code: 3) in [C:\localhost\www\historial_clinico\app\views\administracion\index.ctp, line 12]
2014-10-14 23:40:43 Warning: Warning (2): opendir(/historial_clinico/app/webroot/files/) [<a href='http://php.net/function.opendir'>function.opendir</a>]: failed to open dir: No such file or directory in [C:\localhost\www\historial_clinico\app\views\administracion\index.ctp, line 12]
2014-10-14 23:40:43 Warning: Warning (2): readdir() expects parameter 1 to be resource, boolean given in [C:\localhost\www\historial_clinico\app\views\administracion\index.ctp, line 14]
2014-10-15 01:53:02 Warning: Warning (512): <span style="color:Red;text-align:left"><b>SQL Error:</b> 1048: Column 'asomuo_fk' cannot be null</span> in [C:\localhost\www\historial_clinico\cake\libs\model\datasources\dbo_source.php, line 684]
2014-10-22 22:24:03 Warning: Warning (512): <span style="color:Red;text-align:left"><b>SQL Error:</b> 1054: Unknown column 'tp.id_municipio' in 'where clause'</span> in [C:\localhost\www\historial_clinico\cake\libs\model\datasources\dbo_source.php, line 684]
2014-10-23 15:36:27 Warning: Warning (512): <span style="color:Red;text-align:left"><b>SQL Error:</b> 1048: Column 'id_municipio' cannot be null</span> in [C:\localhost\www\historial_clinico\cake\libs\model\datasources\dbo_source.php, line 684]
2014-10-23 20:09:02 Warning: Warning (2): strtoupper() expects parameter 1 to be string, array given in [C:\localhost\www\historial_clinico\app\controllers\consultas_controller.php, line 251]
2014-11-04 03:51:51 Warning: Warning (512): <span style="color:Red;text-align:left"><b>SQL Error:</b> 1064: You have an error in your SQL syntax; check the manual that corresponds to your MySQL server version for the right syntax to use near 'S' at line 1</span> in [C:\localhost\www\historial_clinico\cake\libs\model\datasources\dbo_source.php, line 684]
2014-11-04 04:20:44 Warning: Warning (2): Missing argument 1 for AdministracionController::unZIP() in [C:\localhost\www\historial_clinico\app\controllers\administracion_controller.php, line 146]
2014-11-04 04:20:57 Warning: Warning (2): Missing argument 1 for AdministracionController::unZIP() in [C:\localhost\www\historial_clinico\app\controllers\administracion_controller.php, line 146]
2014-11-04 19:59:56 Warning: Warning (2): ZipArchive::deleteIndex() expects parameter 1 to be long, string given in [C:\localhost\www\historial_clinico\app\controllers\administracion_controller.php, line 154]
2014-11-07 02:10:12 Warning: Warning (512): <span style="color:Red;text-align:left"><b>SQL Error:</b> 1064: You have an error in your SQL syntax; check the manual that corresponds to your MySQL server version for the right syntax to use near '' at line 1</span> in [C:\localhost\www\historial_clinico\cake\libs\model\datasources\dbo_source.php, line 684]
2014-11-07 02:10:12 Warning: Warning (2): Invalid argument supplied for foreach() in [C:\localhost\www\historial_clinico\app\controllers\consultas_controller.php, line 135]
2014-11-07 02:20:13 Warning: Warning (2): Invalid argument supplied for foreach() in [C:\localhost\www\historial_clinico\app\views\consultas\tratamiento.ctp, line 75]
2014-11-07 02:20:26 Warning: Warning (2): Invalid argument supplied for foreach() in [C:\localhost\www\historial_clinico\app\views\consultas\tratamiento.ctp, line 75]
2014-11-07 02:22:55 Warning: Warning (2): Invalid argument supplied for foreach() in [C:\localhost\www\historial_clinico\app\views\consultas\tratamiento.ctp, line 75]
2014-11-07 02:23:09 Warning: Warning (2): Invalid argument supplied for foreach() in [C:\localhost\www\historial_clinico\app\views\consultas\tratamiento.ctp, line 75]
2014-11-07 02:23:50 Warning: Warning (2): Invalid argument supplied for foreach() in [C:\localhost\www\historial_clinico\app\views\consultas\tratamiento.ctp, line 75]
2014-11-07 02:26:21 Warning: Warning (2): Invalid argument supplied for foreach() in [C:\localhost\www\historial_clinico\app\views\consultas\tratamiento.ctp, line 76]
2014-11-07 02:33:12 Warning: Warning (2): Invalid argument supplied for foreach() in [C:\localhost\www\historial_clinico\app\views\consultas\tratamiento.ctp, line 74]
2014-11-07 02:34:00 Warning: Warning (2): Invalid argument supplied for foreach() in [C:\localhost\www\historial_clinico\app\views\consultas\tratamiento.ctp, line 74]
2014-11-07 17:45:53 Warning: Warning (512): <span style="color:Red;text-align:left"><b>SQL Error:</b> 1054: Unknown column 'nombre_servicio' in 'order clause'</span> in [C:\localhost\www\historial_clinico\cake\libs\model\datasources\dbo_source.php, line 684]
2014-11-07 17:45:53 Warning: Warning (2): Invalid argument supplied for foreach() in [C:\localhost\www\historial_clinico\app\views\consultas\tratamiento.ctp, line 74]
2014-11-07 20:51:20 Warning: Warning (512): <span style="color:Red;text-align:left"><b>SQL Error:</b> 1064: You have an error in your SQL syntax; check the manual that corresponds to your MySQL server version for the right syntax to use near '' at line 1</span> in [C:\localhost\www\historial_clinico\cake\libs\model\datasources\dbo_source.php, line 684]
2014-11-07 20:51:20 Warning: Warning (2): Invalid argument supplied for foreach() in [C:\localhost\www\historial_clinico\app\controllers\consultas_controller.php, line 155]
2014-11-07 20:54:21 Warning: Warning (2): Invalid argument supplied for foreach() in [C:\localhost\www\historial_clinico\app\views\consultas\tratamiento.ctp, line 74]
